[   19564ms] [ERROR] Failed to load resource: the server responded with a status of 500 (Internal Server Error) @ http://localhost:3000/studio:0
[   19796ms] Error: Module not found: Package path ./structure is not exported from package /Users/win/Developer/inmosanity/node_modules/sanity (see exports field in /Users/win/Developer/inmosanity/node_modules/sanity/package.json)
   6 | import { schema } from 'lib/sanity.schema'
   7 | import { defineConfig } from 'sanity'
>  8 | import { structureTool } from 'sanity/structure'
     | ^
   9 | import { apiVersion, dataset, projectId } from './lib/env'
  10 | import { defaultDocumentNode, structure } from './lib/sanity.structure'
  11 |

https://nextjs.org/docs/messages/module-not-found

Import trace for requested module:
./app/studio/[[...index]]/page.tsx
    at <unknown> (https://nextjs.org/docs/messages/module-not-found)
    at getNotFoundError (file:///Users/win/Developer/inmosanity/node_modules/next/dist/build/webpack/plugins/wellknown-errors-plugin/parseNotFoundError.js:124:16)
    at process.processTicksAndRejections (node:internal/process/task_queues:105:5)
    at async getModuleBuildError (file:///Users/win/Developer/inmosanity/node_modules/next/dist/build/webpack/plugins/wellknown-errors-plugin/webpackModuleError.js:104:27)
    at async (file:///Users/win/Developer/inmosanity/node_modules/next/dist/build/webpack/plugins/wellknown-errors-plugin/index.js:29:49)
    at async (file:///Users/win/Developer/inmosanity/node_modules/next/dist/build/webpack/plugins/wellknown-errors-plugin/index.js:27:21)
[   19799ms] [ERROR] ./sanity.config.ts:8:1
Module not found: Package path ./structure is not exported from package /Users/win/Developer/inmosanity/node_modules/sanity (see exports field in /Users/win/Developer/inmosanity/node_modules/sanity/package.json)
   6 | import { schema } from 'lib/sanity.schema'
   7 | import { defineConfig } from 'sanity'
>  8 | import { structureTool } from 'sanity/structure'
     | ^
   9 | import { apiVersion, dataset, projectId } from './lib/env'
  10 | import { defaultDocumentNode, structure } from './lib/sanity.structure'
  11 |

https://nextjs.org/docs/messages/module-not-found

Import trace for requested module:
./app/studio/[[...index]]/page.tsx @ webpack-internal:///./node_modules/next/dist/client/components/react-dev-overlay/internal/helpers/hydration-error-info.js:62
[   50127ms] [ERROR] ./sanity.config.ts:8:1
Module not found: Package path ./structure is not exported from package /Users/win/Developer/inmosanity/node_modules/sanity (see exports field in /Users/win/Developer/inmosanity/node_modules/sanity/package.json)
   6 | import { schema } from 'lib/sanity.schema'
   7 | import { defineConfig } from 'sanity'
>  8 | import { structureTool } from 'sanity/structure'
     | ^
   9 | import { apiVersion, dataset, projectId } from './lib/env'
  10 | import { defaultDocumentNode, structure } from './lib/sanity.structure'
  11 |

https://nextjs.org/docs/messages/module-not-found

Import trace for requested module:
./app/studio/[[...index]]/page.tsx @ webpack-internal:///./node_modules/next/dist/client/components/react-dev-overlay/internal/helpers/hydration-error-info.js:62
[   54201ms] [ERROR] Failed to load resource: the server responded with a status of 404 (Not Found) @ http://localhost:3000/_next/static/webpack/680890fc267a9734.webpack.hot-update.json:0
[   54201ms] [WARNING] [Fast Refresh] performing full reload because your application had an unrecoverable error @ webpack-internal:///./node_modules/next/dist/client/components/react-dev-overlay/pages/hot-reloader-client.js:349
